<?xml version="1.0" encoding="UTF-8"?>
<testng-results skipped="0" failed="0" ignored="0" total="1" passed="1">
  <reporter-output>
  </reporter-output>
  <suite name="Default suite" duration-ms="33" started-at="2020-07-08T06:56:11Z" finished-at="2020-07-08T06:56:11Z">
    <groups>
    </groups>
    <test name="Default test" duration-ms="33" started-at="2020-07-08T06:56:11Z" finished-at="2020-07-08T06:56:11Z">
      <class name="com.gitTest.Test">
        <test-method status="PASS" signature="test()[pri:0, instance:com.gitTest.Test@157632c9]" name="test" duration-ms="9" started-at="2020-07-08T06:56:11Z" finished-at="2020-07-08T06:56:11Z">
          <reporter-output>
          </reporter-output>
        </test-method> <!-- test -->
      </class> <!-- com.gitTest.Test -->
    </test> <!-- Default test -->
  </suite> <!-- Default suite -->
</testng-results>
